Mono path[0] = 'C:/Users/3nigma/Unity/NekoCatGame/ml-agents/Project/Build/UnityEnvironment_Data/Managed'
Mono config path = 'C:/Users/3nigma/Unity/NekoCatGame/ml-agents/Project/Build/MonoBleedingEdge/etc'
[Physics::Module] Initialized MultithreadedJobDispatcher with 15 workers.
Loading player data from C:/Users/3nigma/Unity/NekoCatGame/ml-agents/Project/Build/UnityEnvironment_Data/data.unity3d
Initialize engine version: 2023.2.3f1 (21747dafc6ee)
[Subsystems] Discovering subsystems at path C:/Users/3nigma/Unity/NekoCatGame/ml-agents/Project/Build/UnityEnvironment_Data/UnitySubsystems
GfxDevice: creating device client; kGfxThreadingModeThreaded
Direct3D:
    Version:         Direct3D 12 [level 12.1]
    Renderer:        NVIDIA GeForce RTX 3080 Laptop GPU (ID=0x24dc)
    Vendor:          NVIDIA
    VRAM:            8032 MB
    App VRAM Budget: 7264 MB
    Driver:          31.0.15.4633
Begin MonoManager ReloadAssembly
C:\build\output\Unity-Technologies\mono\mono\metadata\icall.c:1842:
C:\build\output\Unity-Technologies\mono\mono\metadata\icall.c:1842:
C:\build\output\Unity-Technologies\mono\mono\metadata\icall.c:1842:
C:\build\output\Unity-Technologies\mono\mono\metadata\icall.c:1842:
C:\build\output\Unity-Technologies\mono\mono\metadata\icall.c:1842:
C:\build\output\Unity-Technologies\mono\mono\metadata\icall.c:1842:
C:\build\output\Unity-Technologies\mono\mono\metadata\icall.c:1842:
C:\build\output\Unity-Technologies\mono\mono\metadata\icall.c:1842:
C:\build\output\Unity-Technologies\mono\mono\metadata\icall.c:1842:
- Loaded All Assemblies, in  3.511 seconds
C:\build\output\Unity-Technologies\mono\mono\metadata\icall.c:1842:
C:\build\output\Unity-Technologies\mono\mono\metadata\icall.c:1842:
- Finished resetting the current domain, in  0.004 seconds
<RI> Initializing input.
New input system (experimental) initialized
Using Windows.Gaming.Input
<RI> Input initialized.
<RI> Initialized touch support.
UnloadTime: 0.848100 ms
Registered Communicator in Agent.
[Physics.PhysX] Command Body::WakeUp is not supported on PxRigidDynamic instances with physx::PxRigidBodyFlag::eKINEMATIC flag set.
[Physics.PhysX] Command Body::WakeUp is not supported on PxRigidDynamic instances with physx::PxRigidBodyFlag::eKINEMATIC flag set.
[Physics.PhysX] Command Body::WakeUp is not supported on PxRigidDynamic instances with physx::PxRigidBodyFlag::eKINEMATIC flag set.
[Physics.PhysX] Command Body::WakeUp is not supported on PxRigidDynamic instances with physx::PxRigidBodyFlag::eKINEMATIC flag set.
[Physics.PhysX] Command Body::WakeUp is not supported on PxRigidDynamic instances with physx::PxRigidBodyFlag::eKINEMATIC flag set.
[Physics.PhysX] Command Body::WakeUp is not supported on PxRigidDynamic instances with physx::PxRigidBodyFlag::eKINEMATIC flag set.
[Physics.PhysX] Command Body::WakeUp is not supported on PxRigidDynamic instances with physx::PxRigidBodyFlag::eKINEMATIC flag set.
[Physics.PhysX] Command Body::WakeUp is not supported on PxRigidDynamic instances with physx::PxRigidBodyFlag::eKINEMATIC flag set.
[Physics.PhysX] Command Body::WakeUp is not supported on PxRigidDynamic instances with physx::PxRigidBodyFlag::eKINEMATIC flag set.
[Physics.PhysX] Command Body::WakeUp is not supported on PxRigidDynamic instances with physx::PxRigidBodyFlag::eKINEMATIC flag set.
[Physics.PhysX] Command Body::WakeUp is not supported on PxRigidDynamic instances with physx::PxRigidBodyFlag::eKINEMATIC flag set.
[Physics.PhysX] Command Body::WakeUp is not supported on PxRigidDynamic instances with physx::PxRigidBodyFlag::eKINEMATIC flag set.
[Physics.PhysX] Command Body::WakeUp is not supported on PxRigidDynamic instances with physx::PxRigidBodyFlag::eKINEMATIC flag set.
[Physics.PhysX] Command Body::WakeUp is not supported on PxRigidDynamic instances with physx::PxRigidBodyFlag::eKINEMATIC flag set.
[Physics.PhysX] Command Body::WakeUp is not supported on PxRigidDynamic instances with physx::PxRigidBodyFlag::eKINEMATIC flag set.
[Physics.PhysX] Command Body::WakeUp is not supported on PxRigidDynamic instances with physx::PxRigidBodyFlag::eKINEMATIC flag set.
[Physics.PhysX] Command Body::WakeUp is not supported on PxRigidDynamic instances with physx::PxRigidBodyFlag::eKINEMATIC flag set.
[Physics.PhysX] Command Body::WakeUp is not supported on PxRigidDynamic instances with physx::PxRigidBodyFlag::eKINEMATIC flag set.
[Physics.PhysX] Command Body::WakeUp is not supported on PxRigidDynamic instances with physx::PxRigidBodyFlag::eKINEMATIC flag set.
[Physics.PhysX] Command Body::WakeUp is not supported on PxRigidDynamic instances with physx::PxRigidBodyFlag::eKINEMATIC flag set.
[Physics.PhysX] Command Body::WakeUp is not supported on PxRigidDynamic instances with physx::PxRigidBodyFlag::eKINEMATIC flag set.
[Physics.PhysX] Command Body::WakeUp is not supported on PxRigidDynamic instances with physx::PxRigidBodyFlag::eKINEMATIC flag set.
[Physics.PhysX] Command Body::WakeUp is not supported on PxRigidDynamic instances with physx::PxRigidBodyFlag::eKINEMATIC flag set.
[Physics.PhysX] Command Body::WakeUp is not supported on PxRigidDynamic instances with physx::PxRigidBodyFlag::eKINEMATIC flag set.
[Physics.PhysX] Command Body::WakeUp is not supported on PxRigidDynamic instances with physx::PxRigidBodyFlag::eKINEMATIC flag set.
[Physics.PhysX] Command Body::WakeUp is not supported on PxRigidDynamic instances with physx::PxRigidBodyFlag::eKINEMATIC flag set.
[Physics.PhysX] Command Body::WakeUp is not supported on PxRigidDynamic instances with physx::PxRigidBodyFlag::eKINEMATIC flag set.
[Physics.PhysX] Command Body::WakeUp is not supported on PxRigidDynamic instances with physx::PxRigidBodyFlag::eKINEMATIC flag set.
[Physics.PhysX] Command Body::WakeUp is not supported on PxRigidDynamic instances with physx::PxRigidBodyFlag::eKINEMATIC flag set.
[Physics.PhysX] Command Body::WakeUp is not supported on PxRigidDynamic instances with physx::PxRigidBodyFlag::eKINEMATIC flag set.
[Physics.PhysX] Command Body::WakeUp is not supported on PxRigidDynamic instances with physx::PxRigidBodyFlag::eKINEMATIC flag set.
[Physics.PhysX] Command Body::WakeUp is not supported on PxRigidDynamic instances with physx::PxRigidBodyFlag::eKINEMATIC flag set.
[Physics.PhysX] Command Body::WakeUp is not supported on PxRigidDynamic instances with physx::PxRigidBodyFlag::eKINEMATIC flag set.
[Physics.PhysX] Command Body::WakeUp is not supported on PxRigidDynamic instances with physx::PxRigidBodyFlag::eKINEMATIC flag set.
[Physics.PhysX] Command Body::WakeUp is not supported on PxRigidDynamic instances with physx::PxRigidBodyFlag::eKINEMATIC flag set.
[Physics.PhysX] Command Body::WakeUp is not supported on PxRigidDynamic instances with physx::PxRigidBodyFlag::eKINEMATIC flag set.
[Physics.PhysX] Command Body::WakeUp is not supported on PxRigidDynamic instances with physx::PxRigidBodyFlag::eKINEMATIC flag set.
[Physics.PhysX] Command Body::WakeUp is not supported on PxRigidDynamic instances with physx::PxRigidBodyFlag::eKINEMATIC flag set.
[Physics.PhysX] Command Body::WakeUp is not supported on PxRigidDynamic instances with physx::PxRigidBodyFlag::eKINEMATIC flag set.
[Physics.PhysX] Command Body::WakeUp is not supported on PxRigidDynamic instances with physx::PxRigidBodyFlag::eKINEMATIC flag set.
[Physics.PhysX] Command Body::WakeUp is not supported on PxRigidDynamic instances with physx::PxRigidBodyFlag::eKINEMATIC flag set.
[Physics.PhysX] Command Body::WakeUp is not supported on PxRigidDynamic instances with physx::PxRigidBodyFlag::eKINEMATIC flag set.
[Physics.PhysX] Command Body::WakeUp is not supported on PxRigidDynamic instances with physx::PxRigidBodyFlag::eKINEMATIC flag set.
[Physics.PhysX] Command Body::WakeUp is not supported on PxRigidDynamic instances with physx::PxRigidBodyFlag::eKINEMATIC flag set.
[Physics.PhysX] Command Body::WakeUp is not supported on PxRigidDynamic instances with physx::PxRigidBodyFlag::eKINEMATIC flag set.
[Physics.PhysX] Command Body::WakeUp is not supported on PxRigidDynamic instances with physx::PxRigidBodyFlag::eKINEMATIC flag set.
[Physics.PhysX] Command Body::WakeUp is not supported on PxRigidDynamic instances with physx::PxRigidBodyFlag::eKINEMATIC flag set.
[Physics.PhysX] Command Body::WakeUp is not supported on PxRigidDynamic instances with physx::PxRigidBodyFlag::eKINEMATIC flag set.
[Physics.PhysX] Command Body::WakeUp is not supported on PxRigidDynamic instances with physx::PxRigidBodyFlag::eKINEMATIC flag set.
[Physics.PhysX] Command Body::WakeUp is not supported on PxRigidDynamic instances with physx::PxRigidBodyFlag::eKINEMATIC flag set.
Setting up 8 worker threads for Enlighten.
Memory Statistics:
[ALLOC_TEMP_TLS] TLS Allocator
  StackAllocators : 
    [ALLOC_TEMP_MAIN]
      Peak usage frame count: [16.0 KB-32.0 KB]: 563858 frames, [2.0 MB-4.0 MB]: 1 frames
      Initial Block Size 4.0 MB
      Current Block Size 4.0 MB
      Peak Allocated Bytes 2.1 MB
      Overflow Count 0
    [ALLOC_TEMP_Background Job.worker 4]
      Initial Block Size 32.0 KB
      Current Block Size 32.0 KB
      Peak Allocated Bytes 48 B
      Overflow Count 0
    [ALLOC_TEMP_Loading.PreloadManager]
      Initial Block Size 256.0 KB
      Current Block Size 428.0 KB
      Peak Allocated Bytes 247.6 KB
      Overflow Count 5
    [ALLOC_TEMP_Background Job.worker 3]
      Initial Block Size 32.0 KB
      Current Block Size 32.0 KB
      Peak Allocated Bytes 48 B
      Overflow Count 0
    [ALLOC_TEMP_Background Job.worker 11]
      Initial Block Size 32.0 KB
      Current Block Size 32.0 KB
      Peak Allocated Bytes 50 B
      Overflow Count 0
    [ALLOC_TEMP_Background Job.worker 7]
      Initial Block Size 32.0 KB
      Current Block Size 32.0 KB
      Peak Allocated Bytes 48 B
      Overflow Count 0
    [ALLOC_TEMP_Background Job.worker 6]
      Initial Block Size 32.0 KB
      Current Block Size 32.0 KB
      Peak Allocated Bytes 48 B
      Overflow Count 0
    [ALLOC_TEMP_Job.worker 11]
      Initial Block Size 256.0 KB
      Current Block Size 256.0 KB
      Peak Allocated Bytes 1.5 KB
      Overflow Count 0
    [ALLOC_TEMP_Background Job.worker 12]
      Initial Block Size 32.0 KB
      Current Block Size 32.0 KB
      Peak Allocated Bytes 50 B
      Overflow Count 0
    [ALLOC_TEMP_Background Job.worker 2]
      Initial Block Size 32.0 KB
      Current Block Size 32.0 KB
      Peak Allocated Bytes 48 B
      Overflow Count 0
    [ALLOC_TEMP_Background Job.worker 9]
      Initial Block Size 32.0 KB
      Current Block Size 32.0 KB
      Peak Allocated Bytes 48 B
      Overflow Count 0
    [ALLOC_TEMP_Job.worker 0]
      Initial Block Size 256.0 KB
      Current Block Size 256.0 KB
      Peak Allocated Bytes 1.5 KB
      Overflow Count 0
    [ALLOC_TEMP_Job.worker 4]
      Initial Block Size 256.0 KB
      Current Block Size 256.0 KB
      Peak Allocated Bytes 1.5 KB
      Overflow Count 0
    [ALLOC_TEMP_Job.worker 5]
      Initial Block Size 256.0 KB
      Current Block Size 256.0 KB
      Peak Allocated Bytes 1.5 KB
      Overflow Count 0
    [ALLOC_TEMP_Job.worker 14]
      Initial Block Size 256.0 KB
      Current Block Size 256.0 KB
      Peak Allocated Bytes 0.8 KB
      Overflow Count 0
    [ALLOC_TEMP_Background Job.worker 10]
      Initial Block Size 32.0 KB
      Current Block Size 32.0 KB
      Peak Allocated Bytes 50 B
      Overflow Count 0
    [ALLOC_TEMP_Job.worker 13]
      Initial Block Size 256.0 KB
      Current Block Size 256.0 KB
      Peak Allocated Bytes 1.5 KB
      Overflow Count 0
    [ALLOC_TEMP_Background Job.worker 1]
      Initial Block Size 32.0 KB
      Current Block Size 32.0 KB
      Peak Allocated Bytes 48 B
      Overflow Count 0
    [ALLOC_TEMP_EnlightenWorker] x 8
      Initial Block Size 64.0 KB
      Current Block Size 64.0 KB
      Peak Allocated Bytes 0 B
      Overflow Count 0
    [ALLOC_TEMP_Job.worker 1]
      Initial Block Size 256.0 KB
      Current Block Size 256.0 KB
      Peak Allocated Bytes 1.5 KB
      Overflow Count 0
    [ALLOC_TEMP_Job.worker 3]
      Initial Block Size 256.0 KB
      Current Block Size 256.0 KB
      Peak Allocated Bytes 1.5 KB
      Overflow Count 0
    [ALLOC_TEMP_Background Job.worker 5]
      Initial Block Size 32.0 KB
      Current Block Size 32.0 KB
      Peak Allocated Bytes 48 B
      Overflow Count 0
    [ALLOC_TEMP_Background Job.worker 8]
      Initial Block Size 32.0 KB
      Current Block Size 32.0 KB
      Peak Allocated Bytes 48 B
      Overflow Count 0
    [ALLOC_TEMP_Job.worker 12]
      Initial Block Size 256.0 KB
      Current Block Size 256.0 KB
      Peak Allocated Bytes 1.5 KB
      Overflow Count 0
    [ALLOC_TEMP_UnityGfxDeviceWorker]
      Initial Block Size 256.0 KB
      Current Block Size 256.0 KB
      Peak Allocated Bytes 1.5 KB
      Overflow Count 0
    [ALLOC_TEMP_AssetGarbageCollectorHelper] x 15
      Initial Block Size 64.0 KB
      Current Block Size 64.0 KB
      Peak Allocated Bytes 56 B
      Overflow Count 0
    [ALLOC_TEMP_Background Job.worker 13]
      Initial Block Size 32.0 KB
      Current Block Size 32.0 KB
      Peak Allocated Bytes 50 B
      Overflow Count 0
    [ALLOC_TEMP_Background Job.worker 15]
      Initial Block Size 32.0 KB
      Current Block Size 32.0 KB
      Peak Allocated Bytes 50 B
      Overflow Count 0
    [ALLOC_TEMP_Job.worker 2]
      Initial Block Size 256.0 KB
      Current Block Size 256.0 KB
      Peak Allocated Bytes 1.5 KB
      Overflow Count 0
    [ALLOC_TEMP_Job.worker 10]
      Initial Block Size 256.0 KB
      Current Block Size 256.0 KB
      Peak Allocated Bytes 1.5 KB
      Overflow Count 0
    [ALLOC_TEMP_Job.worker 7]
      Initial Block Size 256.0 KB
      Current Block Size 256.0 KB
      Peak Allocated Bytes 0.8 KB
      Overflow Count 0
    [ALLOC_TEMP_Job.worker 9]
      Initial Block Size 256.0 KB
      Current Block Size 256.0 KB
      Peak Allocated Bytes 1.5 KB
      Overflow Count 0
    [ALLOC_TEMP_Background Job.worker 0]
      Initial Block Size 32.0 KB
      Current Block Size 32.0 KB
      Peak Allocated Bytes 48 B
      Overflow Count 0
    [ALLOC_TEMP_Job.worker 6]
      Initial Block Size 256.0 KB
      Current Block Size 256.0 KB
      Peak Allocated Bytes 1.5 KB
      Overflow Count 0
    [ALLOC_TEMP_Job.worker 8]
      Initial Block Size 256.0 KB
      Current Block Size 256.0 KB
      Peak Allocated Bytes 1.5 KB
      Overflow Count 0
    [ALLOC_TEMP_HIDInput]
      Initial Block Size 64.0 KB
      Current Block Size 64.0 KB
      Peak Allocated Bytes 10.9 KB
      Overflow Count 0
    [ALLOC_TEMP_Background Job.worker 14]
      Initial Block Size 32.0 KB
      Current Block Size 32.0 KB
      Peak Allocated Bytes 50 B
      Overflow Count 0
    [ALLOC_TEMP_Loading.AsyncRead]
      Initial Block Size 64.0 KB
      Current Block Size 64.0 KB
      Peak Allocated Bytes 10.6 KB
      Overflow Count 0
    [ALLOC_TEMP_BatchDeleteObjects]
      Initial Block Size 64.0 KB
      Current Block Size 64.0 KB
      Peak Allocated Bytes 38 B
      Overflow Count 0
[ALLOC_DEFAULT] Dual Thread Allocator
  Peak main deferred allocation count 63
    [ALLOC_BUCKET]
      Large Block size 4.0 MB
      Used Block count 1
      Peak Allocated bytes 1.8 MB
    [ALLOC_DEFAULT_MAIN]
      Peak usage frame count: [16.0 MB-32.0 MB]: 563859 frames
      Requested Block Size 16.0 MB
      Peak Block count 2
      Peak Allocated memory 26.8 MB
      Peak Large allocation bytes 8.0 MB
    [ALLOC_DEFAULT_THREAD]
      Peak usage frame count: [16.0 MB-32.0 MB]: 563859 frames
      Requested Block Size 16.0 MB
      Peak Block count 1
      Peak Allocated memory 25.1 MB
      Peak Large allocation bytes 16.0 MB
[ALLOC_TEMP_JOB_1_FRAME]
  Initial Block Size 2.0 MB
  Used Block Count 1
  Overflow Count (too large) 0
  Overflow Count (full) 0
[ALLOC_TEMP_JOB_2_FRAMES]
  Initial Block Size 2.0 MB
  Used Block Count 0
  Overflow Count (too large) 0
  Overflow Count (full) 0
[ALLOC_TEMP_JOB_4_FRAMES (JobTemp)]
  Initial Block Size 2.0 MB
  Used Block Count 1
  Overflow Count (too large) 0
  Overflow Count (full) 0
[ALLOC_TEMP_JOB_ASYNC (Background)]
  Initial Block Size 1.0 MB
  Used Block Count 1
  Overflow Count (too large) 0
  Overflow Count (full) 0
[ALLOC_GFX] Dual Thread Allocator
  Peak main deferred allocation count 9
    [ALLOC_BUCKET]
      Large Block size 4.0 MB
      Used Block count 1
      Peak Allocated bytes 1.8 MB
    [ALLOC_GFX_MAIN]
      Peak usage frame count: [256.0 KB-0.5 MB]: 563859 frames
      Requested Block Size 16.0 MB
      Peak Block count 1
      Peak Allocated memory 409.5 KB
      Peak Large allocation bytes 0 B
    [ALLOC_GFX_THREAD]
      Peak usage frame count: [64.0 KB-128.0 KB]: 563858 frames, [256.0 KB-0.5 MB]: 1 frames
      Requested Block Size 16.0 MB
      Peak Block count 1
      Peak Allocated memory 422.2 KB
      Peak Large allocation bytes 0 B
[ALLOC_CACHEOBJECTS] Dual Thread Allocator
  Peak main deferred allocation count 2
    [ALLOC_BUCKET]
      Large Block size 4.0 MB
      Used Block count 1
      Peak Allocated bytes 1.8 MB
    [ALLOC_CACHEOBJECTS_MAIN]
      Peak usage frame count: [1.0 MB-2.0 MB]: 563859 frames
      Requested Block Size 4.0 MB
      Peak Block count 1
      Peak Allocated memory 1.6 MB
      Peak Large allocation bytes 0 B
    [ALLOC_CACHEOBJECTS_THREAD]
      Peak usage frame count: [2.0 MB-4.0 MB]: 563858 frames, [8.0 MB-16.0 MB]: 1 frames
      Requested Block Size 4.0 MB
      Peak Block count 3
      Peak Allocated memory 8.8 MB
      Peak Large allocation bytes 0 B
[ALLOC_TYPETREE] Dual Thread Allocator
  Peak main deferred allocation count 0
    [ALLOC_BUCKET]
      Large Block size 4.0 MB
      Used Block count 1
      Peak Allocated bytes 1.8 MB
    [ALLOC_TYPETREE_MAIN]
      Peak usage frame count: [4.0 KB-8.0 KB]: 563859 frames
      Requested Block Size 2.0 MB
      Peak Block count 1
      Peak Allocated memory 4.1 KB
      Peak Large allocation bytes 0 B
    [ALLOC_TYPETREE_THREAD]
      Peak usage frame count: [4.0 KB-8.0 KB]: 563858 frames, [8.0 KB-16.0 KB]: 1 frames
      Requested Block Size 2.0 MB
      Peak Block count 1
      Peak Allocated memory 9.4 KB
      Peak Large allocation bytes 0 B
